{"level":"\u001b[32minfo\u001b[39m","message":"{\"method\":\"POST\",\"url\":\"/api/v1/events\",\"status\":\"400\",\"responseTime\":\"9.333\"}","timestamp":"2025-07-15T11:00:40.262Z"}
{"level":"\u001b[32minfo\u001b[39m","message":"{\"method\":\"POST\",\"url\":\"/api/v1/events\",\"status\":\"500\",\"responseTime\":\"4.285\"}","timestamp":"2025-07-15T11:05:41.787Z"}
{"level":"\u001b[32minfo\u001b[39m","message":"{\"method\":\"POST\",\"url\":\"/api/v1/events\",\"status\":\"500\",\"responseTime\":\"4.635\"}","timestamp":"2025-07-15T11:06:21.627Z"}
{"level":"\u001b[32minfo\u001b[39m","message":"{\"method\":\"POST\",\"url\":\"/api/v1/events\",\"status\":\"500\",\"responseTime\":\"0.861\"}","timestamp":"2025-07-15T11:06:25.107Z"}
{"level":"\u001b[32minfo\u001b[39m","message":"{\"method\":\"POST\",\"url\":\"/api/v1/events\",\"status\":\"500\",\"responseTime\":\"4.205\"}","timestamp":"2025-07-15T11:06:32.456Z"}
{"level":"\u001b[32minfo\u001b[39m","message":"{\"method\":\"POST\",\"url\":\"/api/v1/events\",\"status\":\"500\",\"responseTime\":\"4.362\"}","timestamp":"2025-07-15T11:06:45.348Z"}
{"level":"\u001b[32minfo\u001b[39m","message":"{\"method\":\"POST\",\"url\":\"/api/v1/events\",\"status\":\"500\",\"responseTime\":\"5.513\"}","timestamp":"2025-07-15T11:11:16.774Z"}
{"level":"\u001b[32minfo\u001b[39m","message":"{\"method\":\"POST\",\"url\":\"/api/v1/events\",\"status\":\"500\",\"responseTime\":\"17.552\"}","timestamp":"2025-07-15T11:12:40.351Z"}
{"level":"\u001b[32minfo\u001b[39m","message":"{\"method\":\"POST\",\"url\":\"/api/v1/events\",\"status\":\"500\",\"responseTime\":\"1.583\"}","timestamp":"2025-07-15T11:13:19.555Z"}
{"level":"\u001b[32minfo\u001b[39m","message":"{\"method\":\"POST\",\"url\":\"/api/v1/events\",\"status\":\"500\",\"responseTime\":\"0.880\"}","timestamp":"2025-07-15T11:17:06.178Z"}
{"level":"\u001b[32minfo\u001b[39m","message":"{\"method\":\"POST\",\"url\":\"/api/v1/events\",\"status\":\"500\",\"responseTime\":\"12.231\"}","timestamp":"2025-07-15T11:17:19.902Z"}
{"level":"\u001b[32minfo\u001b[39m","message":"{\"method\":\"POST\",\"url\":\"/api/v1/events\",\"status\":\"500\",\"responseTime\":\"11.373\"}","timestamp":"2025-07-15T11:18:54.348Z"}
{"level":"\u001b[32minfo\u001b[39m","message":"{\"method\":\"POST\",\"url\":\"/api/v1/events\",\"status\":\"500\",\"responseTime\":\"1.164\"}","timestamp":"2025-07-15T11:19:03.463Z"}
{"level":"\u001b[32minfo\u001b[39m","message":"{\"method\":\"POST\",\"url\":\"/api/v1/events\",\"status\":\"500\",\"responseTime\":\"12.072\"}","timestamp":"2025-07-15T11:19:19.386Z"}
{"level":"\u001b[32minfo\u001b[39m","message":"{\"method\":\"POST\",\"url\":\"/api/v1/events\",\"status\":\"500\",\"responseTime\":\"1.286\"}","timestamp":"2025-07-15T11:20:04.251Z"}
{"level":"\u001b[32minfo\u001b[39m","message":"{\"method\":\"POST\",\"url\":\"/api/v1/events\",\"status\":\"200\",\"responseTime\":\"14.433\"}","timestamp":"2025-07-15T11:20:41.682Z"}
{"level":"\u001b[32minfo\u001b[39m","message":"{\"method\":\"POST\",\"url\":\"/api/v1/events\",\"status\":\"200\",\"responseTime\":\"9.538\"}","timestamp":"2025-07-15T11:21:00.935Z"}
{"level":"\u001b[32minfo\u001b[39m","message":"{\"method\":\"POST\",\"url\":\"/api/v1/events\",\"status\":\"200\",\"responseTime\":\"9.310\"}","timestamp":"2025-07-15T11:21:26.033Z"}
{"level":"\u001b[32minfo\u001b[39m","message":"{\"method\":\"POST\",\"url\":\"/api/v1/events\",\"status\":\"500\",\"responseTime\":\"0.580\"}","timestamp":"2025-07-15T11:21:33.629Z"}
{"level":"\u001b[32minfo\u001b[39m","message":"{\"method\":\"POST\",\"url\":\"/api/v1/events\",\"status\":\"200\",\"responseTime\":\"9.391\"}","timestamp":"2025-07-15T11:21:46.146Z"}
{"level":"\u001b[32minfo\u001b[39m","message":"{\"method\":\"POST\",\"url\":\"/api/v1/events\",\"status\":\"500\",\"responseTime\":\"1.008\"}","timestamp":"2025-07-15T11:23:56.494Z"}
{"level":"\u001b[32minfo\u001b[39m","message":"{\"method\":\"POST\",\"url\":\"/api/v1/events\",\"status\":\"500\",\"responseTime\":\"1.043\"}","timestamp":"2025-07-15T11:24:23.592Z"}
{"level":"\u001b[32minfo\u001b[39m","message":"{\"method\":\"POST\",\"url\":\"/api/v1/events\",\"status\":\"500\",\"responseTime\":\"0.626\"}","timestamp":"2025-07-15T11:24:35.700Z"}
{"level":"\u001b[32minfo\u001b[39m","message":"{\"method\":\"POST\",\"url\":\"/api/v1/events\",\"status\":\"500\",\"responseTime\":\"0.610\"}","timestamp":"2025-07-15T11:25:14.671Z"}
{"level":"\u001b[32minfo\u001b[39m","message":"{\"method\":\"POST\",\"url\":\"/api/v1/events\",\"status\":\"500\",\"responseTime\":\"0.633\"}","timestamp":"2025-07-15T11:25:36.635Z"}
{"level":"\u001b[32minfo\u001b[39m","message":"{\"method\":\"POST\",\"url\":\"/api/v1/events\",\"status\":\"500\",\"responseTime\":\"12.815\"}","timestamp":"2025-07-15T11:28:17.953Z"}
{"level":"\u001b[32minfo\u001b[39m","message":"{\"method\":\"POST\",\"url\":\"/api/v1/events\",\"status\":\"500\",\"responseTime\":\"0.828\"}","timestamp":"2025-07-15T11:28:21.405Z"}
{"level":"\u001b[32minfo\u001b[39m","message":"{\"method\":\"POST\",\"url\":\"/api/v1/events\",\"status\":\"500\",\"responseTime\":\"3.910\"}","timestamp":"2025-07-15T11:29:09.823Z"}
{"level":"\u001b[32minfo\u001b[39m","message":"{\"method\":\"POST\",\"url\":\"/api/v1/events\",\"status\":\"400\",\"responseTime\":\"3.467\"}","timestamp":"2025-07-15T11:32:10.012Z"}
{"level":"\u001b[32minfo\u001b[39m","message":"{\"method\":\"POST\",\"url\":\"/api/v1/events\",\"status\":\"400\",\"responseTime\":\"0.816\"}","timestamp":"2025-07-15T11:32:20.091Z"}
{"level":"\u001b[32minfo\u001b[39m","message":"{\"method\":\"GET\",\"url\":\"/api/v1/events/a730c3c0-5a2a-4ee5-b8b6-877068a49aaf\",\"status\":\"200\",\"responseTime\":\"11.473\"}","timestamp":"2025-07-15T11:34:01.039Z"}
{"level":"\u001b[32minfo\u001b[39m","message":"{\"method\":\"GET\",\"url\":\"/api/v1/events/a730c3c0-5a2a-4ee5-b8b6-\",\"status\":\"404\",\"responseTime\":\"3.130\"}","timestamp":"2025-07-15T11:34:15.906Z"}
{"level":"\u001b[32minfo\u001b[39m","message":"{\"method\":\"GET\",\"url\":\"/api/v1/events/a730c3c0-5a2a-4ee5-b8b6-877068a49aaf\",\"status\":\"200\",\"responseTime\":\"3.814\"}","timestamp":"2025-07-15T11:34:19.824Z"}
{"level":"\u001b[32minfo\u001b[39m","message":"{\"method\":\"GET\",\"url\":\"/api/v1/auth/\",\"status\":\"400\",\"responseTime\":\"11.131\"}","timestamp":"2025-07-15T11:40:55.676Z"}
{"level":"\u001b[32minfo\u001b[39m","message":"{\"method\":\"GET\",\"url\":\"/api/v1/auth/\",\"status\":\"404\",\"responseTime\":\"2.567\"}","timestamp":"2025-07-15T11:41:10.203Z"}
{"level":"\u001b[32minfo\u001b[39m","message":"{\"method\":\"GET\",\"url\":\"/api/v1/auth/\",\"status\":\"404\",\"responseTime\":\"1.129\"}","timestamp":"2025-07-15T11:42:18.665Z"}
{"level":"\u001b[32minfo\u001b[39m","message":"{\"method\":\"POST\",\"url\":\"/api/v1/auth/\",\"status\":\"500\",\"responseTime\":\"15.540\"}","timestamp":"2025-07-15T11:42:28.166Z"}
{"level":"\u001b[32minfo\u001b[39m","message":"{\"method\":\"POST\",\"url\":\"/api/v1/auth/\",\"status\":\"200\",\"responseTime\":\"28.146\"}","timestamp":"2025-07-15T11:44:13.637Z"}
{"level":"\u001b[32minfo\u001b[39m","message":"{\"method\":\"POST\",\"url\":\"/api/v1/auth/\",\"status\":\"400\",\"responseTime\":\"3.122\"}","timestamp":"2025-07-15T11:44:16.937Z"}
{"level":"\u001b[32minfo\u001b[39m","message":"{\"method\":\"POST\",\"url\":\"/api/v1/auth/\",\"status\":\"400\",\"responseTime\":\"2.854\"}","timestamp":"2025-07-15T11:44:19.913Z"}
{"level":"\u001b[32minfo\u001b[39m","message":"{\"method\":\"POST\",\"url\":\"/api/v1/auth/\",\"status\":\"200\",\"responseTime\":\"5.215\"}","timestamp":"2025-07-15T11:44:49.371Z"}
{"level":"\u001b[32minfo\u001b[39m","message":"{\"method\":\"POST\",\"url\":\"/api/v1/events/a730c3c0-5a2a-4ee5-b8b6-877068a49aaf\",\"status\":\"404\",\"responseTime\":\"1.778\"}","timestamp":"2025-07-15T11:45:50.139Z"}
{"level":"\u001b[32minfo\u001b[39m","message":"{\"method\":\"POST\",\"url\":\"/api/v1/events/a730c3c0-5a2a-4ee5-b8b6-877068a49aaf/register\",\"status\":\"200\",\"responseTime\":\"24.561\"}","timestamp":"2025-07-15T11:46:32.959Z"}
{"level":"\u001b[32minfo\u001b[39m","message":"{\"method\":\"POST\",\"url\":\"/api/v1/events/a730c3c0-5a2a-4ee5-b8b6-877068a49aaf/register\",\"status\":\"400\",\"responseTime\":\"4.697\"}","timestamp":"2025-07-15T11:46:50.027Z"}
